<?xml version="1.0" ?>
<Configuration>
	<Appenders>
		<File name="log" fileName="logging.log">
			<PatternLayout pattern="%d [%t] %-5level: %msg%n%throwable" />
		</File>
	</Appenders>
	<Loggers>
		<Root level="ALL">
			<AppenderRef ref="log" />
		</Root>
	</Loggers>
</Configuration>

<?xml version="1.0" encoding="UTF-8"?>
<Configuration>
	<Appenders>
		<File name="file-log" file-log="logging.log"/>
	</Appenders>
	<Loggers>
		<Root level="ALL">
			<AppenderRef ref="file-log"/>
		</Root>
	</Loggers>
</Configuration>




